main.cpp:739:27: warning: unqualified call to 'std::move' [-Wunqualified-std-cast-call]
    auto c2 = convolution(move(a2), move(b2));
                          ^
                          std::
main.cpp:767:15: note: in instantiation of function template specialization 'atcoder::convolution<754974721U, long long, nullptr>' requested here
    auto c1 = convolution<MOD1>(a, b);
              ^
main.cpp:739:37: warning: unqualified call to 'std::move' [-Wunqualified-std-cast-call]
    auto c2 = convolution(move(a2), move(b2));
                                    ^
                                    std::
main.cpp:739:27: warning: unqualified call to 'std::move' [-Wunqualified-std-cast-call]
    auto c2 = convolution(move(a2), move(b2));
                          ^
                          std::
main.cpp:768:15: note: in instantiation of function template specialization 'atcoder::convolution<167772161U, long long, nullptr>' requested here
    auto c2 = convolution<MOD2>(a, b);
              ^
main.cpp:739:37: warning: unqualified call to 'std::move' [-Wunqualified-std-cast-call]
    auto c2 = convolution(move(a2), move(b2));
                                    ^
                                    std::
main.cpp:739:27: warning: unqualified call to 'std::move' [-Wunqualified-std-cast-call]
    auto c2 = convolution(move(a2), move(b2));
                          ^
                          std::
main.cpp:769:15: note: in instantiation of function template specialization 'atcoder::convolution<469762049U, long long, nullptr>' requested here
    auto c3 = convolution<MOD3>(a, b);
              ^
main.cpp:739:37: warning: unqualified call to 'std::move' [-Wunqualified-std-cast-call]
    auto c2 = convolution(move(a2), move(b2));
                                    ^
                                    std::
main.cpp:739:27: warning: unqualified call to 'std::move' [-Wunqualified-std-cast-call]
    auto c2 = convolution(move(a2), move(b2));
                          ^
                          std::
main.cpp:868:13: note: in instantiation of function template specialization 'atcoder::convolution<998244353U, long long, nullptr>' requested here
      tmp = convolution<MOD>(tmp, dp[to]);
            ^
main.cpp:739:37: warning: unqualified call to 'std::move' [-Wunqualified-std-cast-call]
    auto c2 = convolution(move(a2), move(b2));
                                    ^
                                    std::
8 warnings generated.
